<?xml version="1.0" encoding="UTF-8"?>
<!-- Generated by org.testng.reporters.JUnitReportReporter -->
<testsuite hostname="QT-INHD-LT0112" failures="0" tests="1" name="lx_tests.LoginPage" time="14.655" errors="0" timestamp="11 Jan 2023 07:48:34 GMT" skipped="0">
  <testcase classname="lx_tests.LoginPage" name="navigatToBrowser" time="14.655"/>
</testsuite> <!-- lx_tests.LoginPage -->
