<?xml version="1.0" encoding="UTF-8"?>
<!-- Generated by org.testng.reporters.JUnitReportReporter -->
<testsuite hostname="QT-INHD-LT0112" failures="0" tests="1" name="com.page.data.EmployeeData" time="0.006" errors="0" timestamp="2023-04-13T17:21:27 IST" skipped="0">
  <testcase classname="com.page.data.EmployeeData" name="test" time="0.006"/>
  <system-out/>
</testsuite> <!-- com.page.data.EmployeeData -->
