<?xml version="1.0" encoding="UTF-8"?>
<!-- Generated by org.testng.reporters.JUnitReportReporter -->
<testsuite hostname="QT-INHD-LT0112" failures="0" tests="2" name="com.testsuite.cases.test" time="0.339" errors="0" timestamp="2023-04-13T23:16:07 IST" skipped="0">
  <testcase classname="com.testsuite.cases.test" name="baseClassSetUp" time="0.337"/>
  <system-out/>
  <testcase classname="com.testsuite.cases.test" name="test" time="0.002"/>
  <system-out/>
</testsuite> <!-- com.testsuite.cases.test -->
