<?xml version="1.0" encoding="UTF-8"?>
<!-- Generated by org.testng.reporters.JUnitReportReporter -->
<testsuite hostname="QT-INHD-LT0112" failures="0" tests="1" name="suites.User_others.T_AddCase" time="85.602" errors="0" timestamp="2023-02-06T20:56:51 IST" skipped="0">
  <testcase classname="suites.User_others.T_AddCase" name="tc0001_ValidationAddCase" time="85.602"/>
  <system-out/>
</testsuite> <!-- suites.User_others.T_AddCase -->
