<?xml version="1.0" encoding="UTF-8"?>
<!-- Generated by org.testng.reporters.JUnitReportReporter -->
<testsuite hostname="QT-INHD-LT0112" failures="0" tests="1" name="suites.T_DashboardPage$T_LoginPage" time="251.859" errors="0" timestamp="16 Jan 2023 04:22:13 GMT" skipped="0">
  <testcase classname="suites.T_DashboardPage$T_LoginPage" name="tc0001_ValidationDashBoard" time="251.859"/>
</testsuite> <!-- suites.T_DashboardPage$T_LoginPage -->
