<?xml version="1.0" encoding="UTF-8"?>
<!-- Generated by org.testng.reporters.JUnitReportReporter -->
<testsuite hostname="QT-INHD-LT0112" failures="0" tests="1" name="data.test" time="0.009" errors="0" timestamp="2023-01-20T00:49:55 IST" skipped="0">
  <testcase classname="data.test" name="newLocator" time="0.009"/>
  <system-out/>
</testsuite> <!-- data.test -->
