<?xml version="1.0" encoding="UTF-8"?>
<!-- Generated by org.testng.reporters.JUnitReportReporter -->
<testsuite hostname="QT-INHD-LT0112" failures="0" tests="2" name="suites.User_others.T_TitleValidations" time="116.693" errors="0" timestamp="2023-04-11T22:02:02 IST" skipped="0">
  <testcase classname="suites.User_others.T_TitleValidations" name="validateHomeTitle" time="85.821"/>
  <system-out/>
  <testcase classname="suites.User_others.T_TitleValidations" name="validateWelcomeTitle" time="30.872"/>
  <system-out/>
</testsuite> <!-- suites.User_others.T_TitleValidations -->
