<?xml version="1.0" encoding="UTF-8"?>
<!-- Generated by org.testng.reporters.JUnitReportReporter -->
<testsuite hostname="QT-INHD-LT0112" failures="0" tests="1" name="lx_tests.TitleValidations" time="23.778" errors="0" timestamp="29 Dec 2022 05:05:06 GMT" skipped="0">
  <testcase classname="lx_tests.TitleValidations" name="validateWelcomeTitle" time="23.778"/>
</testsuite> <!-- lx_tests.TitleValidations -->
