<?xml version="1.0" encoding="UTF-8"?>
<!-- Generated by org.testng.reporters.JUnitReportReporter -->
<testsuite hostname="QT-INHD-LT0112" failures="0" tests="1" name="suites.T_LoginPage" time="68.282" errors="0" timestamp="11 Jan 2023 16:19:29 GMT" skipped="0">
  <testcase classname="suites.T_LoginPage" name="tc0001_LoginToApplication" time="68.282"/>
</testsuite> <!-- suites.T_LoginPage -->
