<?xml version="1.0" encoding="UTF-8"?>
<!-- Generated by org.testng.reporters.JUnitReportReporter -->
<testsuite hostname="QT-INHD-LT0112" failures="0" tests="2" name="suites.T_TitleValidations" time="78.388" errors="0" timestamp="11 Jan 2023 12:37:08 GMT" skipped="0">
  <testcase classname="suites.T_TitleValidations" name="validateHomeTitle" time="49.327"/>
  <testcase classname="suites.T_TitleValidations" name="validateWelcomeTitle" time="29.061"/>
</testsuite> <!-- suites.T_TitleValidations -->
