<?xml version="1.0" encoding="UTF-8"?>
<!-- Generated by org.testng.reporters.JUnitReportReporter -->
<testsuite hostname="QT-INHD-LT0112" failures="0" tests="1" name="resources.test" time="0.702" errors="0" timestamp="2023-04-11T23:47:31 IST" skipped="0">
  <testcase classname="resources.test" name="test1" time="0.702"/>
  <system-out/>
</testsuite> <!-- resources.test -->
