<?xml version="1.0" encoding="UTF-8"?>
<!-- Generated by org.testng.reporters.JUnitReportReporter -->
<testsuite hostname="QT-INHD-LT0112" failures="0" tests="3" name="lx_tests.tests_selfservice.AddRequest" time="304.471" errors="0" timestamp="21 Sep 2022 11:14:48 GMT" skipped="0">
  <testcase classname="lx_tests.tests_selfservice.AddRequest" name="navigatToSite" time="83.143"/>
  <testcase classname="lx_tests.tests_selfservice.AddRequest" name="navigatToSite" time="114.744"/>
  <testcase classname="lx_tests.tests_selfservice.AddRequest" name="navigatToSite" time="106.584"/>
</testsuite> <!-- lx_tests.tests_selfservice.AddRequest -->
