<?xml version="1.0" encoding="UTF-8"?>
<!-- Generated by org.testng.reporters.JUnitReportReporter -->
<testsuite hostname="QT-INHD-LT0112" failures="0" tests="1" name="lx_tests.TitleValidations" time="0.000" errors="0" timestamp="29 Dec 2022 07:37:25 GMT" skipped="1">
  <testcase classname="lx_tests.TitleValidations" name="validateWelcomeTitle" time="0.000">
    <skipped/>
  </testcase> <!-- validateWelcomeTitle -->
</testsuite> <!-- lx_tests.TitleValidations -->
